<?xml version="1.0" encoding="UTF-8"?>
<!-- Generated by org.testng.reporters.JUnitXMLReporter -->
<testsuite ignored="0" hostname="Murari" failures="0" tests="4" name="Default test" time="7.706" errors="0" timestamp="2023-11-06T11:31:00 IST">
  <testcase classname="api.test.PetTests" name="POST" time="3.746"/>
  <testcase classname="api.test.PetTests" name="GET" time="1.149"/>
  <testcase classname="api.test.PetTests" name="UPDATE" time="1.104"/>
  <testcase classname="api.test.PetTests" name="DELETE" time="1.132"/>
</testsuite> <!-- Default test -->
