<?xml version="1.0" encoding="UTF-8"?>
<!-- Generated by org.testng.reporters.JUnitXMLReporter -->
<testsuite ignored="0" hostname="Murari" failures="0" tests="6" name="Default test" time="11.593" errors="0" timestamp="2023-10-25T15:55:34 IST">
  <testcase classname="api.test.DDTests" name="testPostuser" time="3.935"/>
  <testcase classname="api.test.DDTests" name="testPostuser" time="1.163"/>
  <testcase classname="api.test.DDTests" name="testPostuser" time="1.111"/>
  <testcase classname="api.test.DDTests" name="testUserByname" time="1.09"/>
  <testcase classname="api.test.DDTests" name="testUserByname" time="1.172"/>
  <testcase classname="api.test.DDTests" name="testUserByname" time="1.127"/>
</testsuite> <!-- Default test -->
