<?xml version="1.0" encoding="UTF-8"?>
<!-- Generated by org.testng.reporters.JUnitXMLReporter -->
<testsuite ignored="0" hostname="Murari" failures="0" tests="4" name="pet_tests" time="7.632" errors="0" timestamp="2023-11-06T11:34:15 IST">
  <testcase classname="api.test.PetTests" name="POST" time="3.142"/>
  <testcase classname="api.test.PetTests" name="GET" time="1.179"/>
  <testcase classname="api.test.PetTests" name="UPDATE" time="1.207"/>
  <testcase classname="api.test.PetTests" name="DELETE" time="1.148"/>
</testsuite> <!-- pet_tests -->
