<?xml version="1.0" encoding="UTF-8"?>
<!-- Generated by org.testng.reporters.JUnitXMLReporter -->
<testsuite ignored="0" hostname="Murari" failures="0" tests="4" name="pet_tests" time="9.918" errors="0" timestamp="2023-10-30T10:34:30 IST">
  <testcase classname="api.test.UserTests2" name="testPostUser" time="3.691"/>
  <testcase classname="api.test.UserTests2" name="testGetUserByName" time="1.125"/>
  <testcase classname="api.test.UserTests2" name="testUpdateByName" time="2.267"/>
  <testcase classname="api.test.UserTests2" name="testDeleteUser" time="1.175"/>
</testsuite> <!-- pet_tests -->
