<?xml version="1.0" encoding="UTF-8"?>
<!-- Generated by org.testng.reporters.JUnitXMLReporter -->
<testsuite ignored="0" hostname="Murari" failures="0" tests="4" name="pet_tests" time="17.209" errors="0" timestamp="2023-10-30T10:58:35 IST">
  <testcase classname="api.test.UserTests2" name="testPostUser" time="4.143"/>
  <testcase classname="api.test.UserTests2" name="testGetUserByName" time="1.211"/>
  <testcase classname="api.test.UserTests2" name="testUpdateByName" time="2.26"/>
  <testcase classname="api.test.UserTests2" name="testDeleteUser" time="1.071"/>
</testsuite> <!-- pet_tests -->
