<?xml version="1.0" encoding="UTF-8"?>
<!-- Generated by org.testng.reporters.JUnitXMLReporter -->
<testsuite ignored="0" hostname="Murari" failures="0" tests="4" name="pet_tests" time="8.037" errors="0" timestamp="2023-11-06T11:46:58 IST">
  <testcase classname="api.test.PetTests" name="POST" time="3.713"/>
  <testcase classname="api.test.PetTests" name="GET" time="1.16"/>
  <testcase classname="api.test.PetTests" name="UPDATE" time="1.119"/>
  <testcase classname="api.test.PetTests" name="DELETE" time="1.08"/>
</testsuite> <!-- pet_tests -->
