<?xml version="1.0" encoding="UTF-8"?>
<testng-results ignored="0" total="4" passed="4" failed="0" skipped="0">
  <reporter-output>
  </reporter-output>
  <suite started-at="2023-11-06T11:46:49 IST" name="Suite" finished-at="2023-11-06T11:46:57 IST" duration-ms="8037">
    <groups>
    </groups>
    <test started-at="2023-11-06T11:46:49 IST" name="pet_tests" finished-at="2023-11-06T11:46:57 IST" duration-ms="8037">
      <class name="api.test.PetTests">
        <test-method is-config="true" signature="setdata()[pri:0, instance:api.test.PetTests@7714e963]" started-at="2023-11-06T11:46:50 IST" name="setdata" finished-at="2023-11-06T11:46:50 IST" duration-ms="392" status="PASS">
          <reporter-output>
          </reporter-output>
        </test-method> <!-- setdata -->
        <test-method signature="POST()[pri:0, instance:api.test.PetTests@7714e963]" started-at="2023-11-06T11:46:50 IST" name="POST" finished-at="2023-11-06T11:46:54 IST" duration-ms="3713" status="PASS">
          <reporter-output>
          </reporter-output>
        </test-method> <!-- POST -->
        <test-method signature="GET()[pri:1, instance:api.test.PetTests@7714e963]" started-at="2023-11-06T11:46:54 IST" name="GET" finished-at="2023-11-06T11:46:55 IST" duration-ms="1160" status="PASS">
          <reporter-output>
          </reporter-output>
        </test-method> <!-- GET -->
        <test-method signature="UPDATE()[pri:2, instance:api.test.PetTests@7714e963]" started-at="2023-11-06T11:46:55 IST" name="UPDATE" finished-at="2023-11-06T11:46:56 IST" duration-ms="1119" status="PASS">
          <reporter-output>
          </reporter-output>
        </test-method> <!-- UPDATE -->
        <test-method signature="DELETE()[pri:3, instance:api.test.PetTests@7714e963]" started-at="2023-11-06T11:46:56 IST" name="DELETE" finished-at="2023-11-06T11:46:57 IST" duration-ms="1080" status="PASS">
          <reporter-output>
          </reporter-output>
        </test-method> <!-- DELETE -->
      </class> <!-- api.test.PetTests -->
    </test> <!-- pet_tests -->
  </suite> <!-- Suite -->
</testng-results>
