<?xml version="1.0" encoding="UTF-8"?>
<testng-results ignored="0" total="4" passed="4" failed="0" skipped="0">
  <reporter-output>
  </reporter-output>
  <suite started-at="2023-10-30T10:34:20 IST" name="Suite" finished-at="2023-10-30T10:34:30 IST" duration-ms="9918">
    <groups>
    </groups>
    <test started-at="2023-10-30T10:34:20 IST" name="pet_tests" finished-at="2023-10-30T10:34:30 IST" duration-ms="9918">
      <class name="api.test.UserTests2">
        <test-method is-config="true" signature="setup()[pri:0, instance:api.test.UserTests2@799f10e1]" started-at="2023-10-30T10:34:20 IST" name="setup" finished-at="2023-10-30T10:34:21 IST" duration-ms="1039" status="PASS">
          <reporter-output>
          </reporter-output>
        </test-method> <!-- setup -->
        <test-method signature="testPostUser()[pri:0, instance:api.test.UserTests2@799f10e1]" started-at="2023-10-30T10:34:21 IST" name="testPostUser" finished-at="2023-10-30T10:34:25 IST" duration-ms="3691" status="PASS">
          <reporter-output>
          </reporter-output>
        </test-method> <!-- testPostUser -->
        <test-method signature="testGetUserByName()[pri:1, instance:api.test.UserTests2@799f10e1]" started-at="2023-10-30T10:34:25 IST" name="testGetUserByName" finished-at="2023-10-30T10:34:26 IST" duration-ms="1125" status="PASS">
          <reporter-output>
          </reporter-output>
        </test-method> <!-- testGetUserByName -->
        <test-method signature="testUpdateByName()[pri:2, instance:api.test.UserTests2@799f10e1]" started-at="2023-10-30T10:34:26 IST" name="testUpdateByName" finished-at="2023-10-30T10:34:29 IST" duration-ms="2267" status="PASS">
          <reporter-output>
          </reporter-output>
        </test-method> <!-- testUpdateByName -->
        <test-method signature="testDeleteUser()[pri:3, instance:api.test.UserTests2@799f10e1]" started-at="2023-10-30T10:34:29 IST" name="testDeleteUser" finished-at="2023-10-30T10:34:30 IST" duration-ms="1175" status="PASS">
          <reporter-output>
          </reporter-output>
        </test-method> <!-- testDeleteUser -->
      </class> <!-- api.test.UserTests2 -->
    </test> <!-- pet_tests -->
  </suite> <!-- Suite -->
</testng-results>
