<?xml version="1.0" encoding="UTF-8"?>
<testng-results ignored="0" total="4" passed="4" failed="0" skipped="0">
  <reporter-output>
  </reporter-output>
  <suite started-at="2023-11-06T11:34:06 IST" name="Suite" finished-at="2023-11-06T11:34:14 IST" duration-ms="7632">
    <groups>
    </groups>
    <test started-at="2023-11-06T11:34:06 IST" name="pet_tests" finished-at="2023-11-06T11:34:14 IST" duration-ms="7632">
      <class name="api.test.PetTests">
        <test-method is-config="true" signature="setdata()[pri:0, instance:api.test.PetTests@128d2484]" started-at="2023-11-06T11:34:07 IST" name="setdata" finished-at="2023-11-06T11:34:07 IST" duration-ms="319" status="PASS">
          <reporter-output>
          </reporter-output>
        </test-method> <!-- setdata -->
        <test-method signature="POST()[pri:0, instance:api.test.PetTests@128d2484]" started-at="2023-11-06T11:34:07 IST" name="POST" finished-at="2023-11-06T11:34:11 IST" duration-ms="3142" status="PASS">
          <reporter-output>
          </reporter-output>
        </test-method> <!-- POST -->
        <test-method signature="GET()[pri:1, instance:api.test.PetTests@128d2484]" started-at="2023-11-06T11:34:11 IST" name="GET" finished-at="2023-11-06T11:34:12 IST" duration-ms="1179" status="PASS">
          <reporter-output>
          </reporter-output>
        </test-method> <!-- GET -->
        <test-method signature="UPDATE()[pri:2, instance:api.test.PetTests@128d2484]" started-at="2023-11-06T11:34:12 IST" name="UPDATE" finished-at="2023-11-06T11:34:13 IST" duration-ms="1207" status="PASS">
          <reporter-output>
          </reporter-output>
        </test-method> <!-- UPDATE -->
        <test-method signature="DELETE()[pri:3, instance:api.test.PetTests@128d2484]" started-at="2023-11-06T11:34:13 IST" name="DELETE" finished-at="2023-11-06T11:34:14 IST" duration-ms="1148" status="PASS">
          <reporter-output>
          </reporter-output>
        </test-method> <!-- DELETE -->
      </class> <!-- api.test.PetTests -->
    </test> <!-- pet_tests -->
  </suite> <!-- Suite -->
</testng-results>
